p/100_.png 1 0 0 180 120
p/99_.png 1 0 0 180 120
p/98_.png 1 0 0 180 120
p/97_.png 1 0 0 180 120
p/96_.png 1 0 0 180 120
p/95_.png 1 0 0 180 120
p/94_.png 1 0 0 180 120
p/93_.png 1 0 0 180 120
p/92_.png 1 0 0 180 120
p/91_.png 1 0 0 180 120
p/90_.png 1 0 0 180 120
p/89_.png 1 0 0 180 120
p/88_.png 1 0 0 180 120
p/87_.png 1 0 0 180 120
p/86_.png 1 0 0 180 120
p/85_.png 1 0 0 180 120
p/84_.png 1 0 0 180 120
p/83_.png 1 0 0 180 120
p/82_.png 1 0 0 180 120
p/81_.png 1 0 0 180 120
p/80_.png 1 0 0 180 120
p/79_.png 1 0 0 180 120
p/78_.png 1 0 0 180 120
p/77_.png 1 0 0 180 120
p/76_.png 1 0 0 180 120
p/75_.png 1 0 0 180 120
p/74_.png 1 0 0 180 120
p/73_.png 1 0 0 180 120
p/72_.png 1 0 0 180 120
p/71_.png 1 0 0 180 120
p/70_.png 1 0 0 180 120
p/69_.png 1 0 0 180 120
p/68_.png 1 0 0 180 120
p/67_.png 1 0 0 180 120
p/66_.png 1 0 0 180 120
p/65_.png 1 0 0 180 120
p/64_.png 1 0 0 180 120
p/63_.png 1 0 0 180 120
p/62_.png 1 0 0 180 120
p/61_.png 1 0 0 180 120
p/60_.png 1 0 0 180 120
p/59_.png 1 0 0 180 120
p/58_.png 1 0 0 180 120
p/57_.png 1 0 0 180 120
p/56_.png 1 0 0 180 120
p/55_.png 1 0 0 180 120
p/54_.png 1 0 0 180 120
p/53_.png 1 0 0 180 120
p/52_.png 1 0 0 180 120
p/51_.png 1 0 0 180 120
p/50_.png 1 0 0 180 120
p/49_.png 1 0 0 180 120
p/48_.png 1 0 0 180 120
p/47_.png 1 0 0 180 120
p/46_.png 1 0 0 180 120
p/45_.png 1 0 0 180 120
p/44_.png 1 0 0 180 120
p/43_.png 1 0 0 180 120
p/42_.png 1 0 0 180 120
p/41_.png 1 0 0 180 120
p/40_.png 1 0 0 180 120
p/39_.png 1 0 0 180 120
p/38_.png 1 0 0 180 120
p/37_.png 1 0 0 180 120
p/36_.png 1 0 0 180 120
p/35_.png 1 0 0 180 120
p/34_.png 1 0 0 180 120
p/33_.png 1 0 0 180 120
p/32_.png 1 0 0 180 120
p/31_.png 1 0 0 180 120
p/30_.png 1 0 0 180 120
p/29_.png 1 0 0 180 120
p/28_.png 1 0 0 180 120
p/27_.png 1 0 0 180 120
p/26_.png 1 0 0 180 120
p/25_.png 1 0 0 180 120
p/24_.png 1 0 0 180 120
p/23_.png 1 0 0 180 120
p/22_.png 1 0 0 180 120
p/21_.png 1 0 0 180 120
p/20_.png 1 0 0 180 120
p/19_.png 1 0 0 180 120
p/18_.png 1 0 0 180 120
p/17_.png 1 0 0 180 120
p/16_.png 1 0 0 180 120
p/15_.png 1 0 0 180 120
p/14_.png 1 0 0 180 120
p/13_.png 1 0 0 180 120
p/12_.png 1 0 0 180 120
p/11_.png 1 0 0 180 120
p/10_.png 1 0 0 180 120
p/9_.png 1 0 0 180 120
p/8_.png 1 0 0 180 120
p/7_.png 1 0 0 180 120
p/6_.png 1 0 0 180 120
p/5_.png 1 0 0 180 120
p/4_.png 1 0 0 180 120
p/3_.png 1 0 0 180 120
p/2_.png 1 0 0 180 120
p/1_.png 1 0 0 180 120
p/0_.png 1 0 0 180 120